<?xml version="1.0" encoding="UTF-8"?>
<testsuite name="com.example.testit.TaskControllerTest" tests="3" skipped="0" failures="0" errors="0" timestamp="2026-02-16T10:18:47.998Z" hostname="ASUS-FLO" time="1.096">
  <properties/>
  <testcase name="createTask_shouldCreateTask()" classname="com.example.testit.TaskControllerTest" time="0.853"/>
  <testcase name="getTasksByUser_shouldReturnUserTasks()" classname="com.example.testit.TaskControllerTest" time="0.122"/>
  <testcase name="getAllTasks_shouldReturnEmptyList_initially()" classname="com.example.testit.TaskControllerTest" time="0.119"/>
  <system-out><![CDATA[11:18:42.785 [Test worker] INFO org.springframework.test.context.support.AnnotationConfigContextLoaderUtils -- Could not detect default configuration classes for test class [com.example.testit.TaskControllerTest]: TaskControllerTest does not declare any static, non-private, non-final, nested classes annotated with @Configuration.
11:18:42.896 [Test worker] INFO org.springframework.boot.test.context.SpringBootTestContextBootstrapper -- Found @SpringBootConfiguration com.example.testit.TestItApplication for test class com.example.testit.TaskControllerTest

  .   ____          _            __ _ _
 /\\ / ___'_ __ _ _(_)_ __  __ _ \ \ \ \
( ( )\___ | '_ | '_| | '_ \/ _` | \ \ \ \
 \\/  ___)| |_)| | | | | || (_| |  ) ) ) )
  '  |____| .__|_| |_|_| |_\__, | / / / /
 =========|_|==============|___/=/_/_/_/
 :: Spring Boot ::                (v3.2.0)

2026-02-16T11:18:43.229+01:00  INFO 24180 --- [    Test worker] com.example.testit.TaskControllerTest    : Starting TaskControllerTest using Java 17.0.12 with PID 24180 (started by flori in C:\Users\flori\Documents\dev-fullstack\TD1-tests\test-it)
2026-02-16T11:18:43.229+01:00  INFO 24180 --- [    Test worker] com.example.testit.TaskControllerTest    : No active profile set, falling back to 1 default profile: "default"
2026-02-16T11:18:43.793+01:00  INFO 24180 --- [    Test worker] .s.d.r.c.RepositoryConfigurationDelegate : Bootstrapping Spring Data JPA repositories in DEFAULT mode.
2026-02-16T11:18:43.855+01:00  INFO 24180 --- [    Test worker] .s.d.r.c.RepositoryConfigurationDelegate : Finished Spring Data repository scanning in 48 ms. Found 2 JPA repository interfaces.
2026-02-16T11:18:44.252+01:00  INFO 24180 --- [    Test worker] com.zaxxer.hikari.HikariDataSource       : HikariPool-1 - Starting...
2026-02-16T11:18:44.410+01:00  INFO 24180 --- [    Test worker] com.zaxxer.hikari.pool.HikariPool        : HikariPool-1 - Added connection conn0: url=jdbc:h2:mem:testdb user=SA
2026-02-16T11:18:44.410+01:00  INFO 24180 --- [    Test worker] com.zaxxer.hikari.HikariDataSource       : HikariPool-1 - Start completed.
2026-02-16T11:18:44.479+01:00  INFO 24180 --- [    Test worker] liquibase.database                       : Set default schema name to PUBLIC
2026-02-16T11:18:44.902+01:00  INFO 24180 --- [    Test worker] liquibase.changelog                      : Creating database history table with name: PUBLIC.DATABASECHANGELOG
2026-02-16T11:18:45.022+01:00  INFO 24180 --- [    Test worker] liquibase.changelog                      : Reading from PUBLIC.DATABASECHANGELOG
2026-02-16T11:18:45.094+01:00  INFO 24180 --- [    Test worker] liquibase.lockservice                    : Successfully acquired change log lock
2026-02-16T11:18:45.094+01:00  INFO 24180 --- [    Test worker] liquibase.command                        : Using deploymentId: 1237125094
2026-02-16T11:18:45.099+01:00  INFO 24180 --- [    Test worker] liquibase.changelog                      : Reading from PUBLIC.DATABASECHANGELOG
Running Changeset: db/changelog/001-create-users-table.xml::001::testit
2026-02-16T11:18:45.128+01:00  INFO 24180 --- [    Test worker] liquibase.changelog                      : Table users created
2026-02-16T11:18:45.128+01:00  INFO 24180 --- [    Test worker] liquibase.changelog                      : ChangeSet db/changelog/001-create-users-table.xml::001::testit ran successfully in 3ms
Running Changeset: db/changelog/002-create-task-table.xml::002::testit
2026-02-16T11:18:45.141+01:00  INFO 24180 --- [    Test worker] liquibase.changelog                      : Table task created
2026-02-16T11:18:45.141+01:00  INFO 24180 --- [    Test worker] liquibase.changelog                      : Sequence task_seq created
2026-02-16T11:18:45.141+01:00  INFO 24180 --- [    Test worker] liquibase.changelog                      : ChangeSet db/changelog/002-create-task-table.xml::002::testit ran successfully in 0ms
2026-02-16T11:18:45.156+01:00  INFO 24180 --- [    Test worker] liquibase.util                           : UPDATE SUMMARY
2026-02-16T11:18:45.156+01:00  INFO 24180 --- [    Test worker] liquibase.util                           : Run:                          2
2026-02-16T11:18:45.156+01:00  INFO 24180 --- [    Test worker] liquibase.util                           : Previously run:               0
2026-02-16T11:18:45.156+01:00  INFO 24180 --- [    Test worker] liquibase.util                           : Filtered out:                 0
2026-02-16T11:18:45.156+01:00  INFO 24180 --- [    Test worker] liquibase.util                           : -------------------------------
2026-02-16T11:18:45.156+01:00  INFO 24180 --- [    Test worker] liquibase.util                           : Total change sets:            2
2026-02-16T11:18:45.156+01:00  INFO 24180 --- [    Test worker] liquibase.util                           : Update summary generated
2026-02-16T11:18:45.156+01:00  INFO 24180 --- [    Test worker] liquibase.command                        : Update command completed successfully.
Liquibase: Update has been successful. Rows affected: 2
2026-02-16T11:18:45.165+01:00  INFO 24180 --- [    Test worker] liquibase.lockservice                    : Successfully released change log lock
2026-02-16T11:18:45.165+01:00  INFO 24180 --- [    Test worker] liquibase.command                        : Command execution complete
2026-02-16T11:18:45.287+01:00  INFO 24180 --- [    Test worker] o.hibernate.jpa.internal.util.LogHelper  : HHH000204: Processing PersistenceUnitInfo [name: default]
2026-02-16T11:18:45.362+01:00  INFO 24180 --- [    Test worker] org.hibernate.Version                    : HHH000412: Hibernate ORM core version 6.3.1.Final
2026-02-16T11:18:45.410+01:00  INFO 24180 --- [    Test worker] o.h.c.internal.RegionFactoryInitiator    : HHH000026: Second-level cache disabled
2026-02-16T11:18:45.601+01:00  INFO 24180 --- [    Test worker] o.s.o.j.p.SpringPersistenceUnitInfo      : No LoadTimeWeaver setup: ignoring JPA class transformer
2026-02-16T11:18:45.633+01:00  WARN 24180 --- [    Test worker] org.hibernate.orm.deprecation            : HHH90000025: H2Dialect does not need to be specified explicitly using 'hibernate.dialect' (remove the property setting and it will be selected by default)
2026-02-16T11:18:46.252+01:00  INFO 24180 --- [    Test worker] o.h.e.t.j.p.i.JtaPlatformInitiator       : HHH000489: No JTA platform available (set 'hibernate.transaction.jta.platform' to enable JTA platform integration)
2026-02-16T11:18:46.272+01:00  INFO 24180 --- [    Test worker] j.LocalContainerEntityManagerFactoryBean : Initialized JPA EntityManagerFactory for persistence unit 'default'
2026-02-16T11:18:46.555+01:00  INFO 24180 --- [    Test worker] o.s.d.j.r.query.QueryEnhancerFactory     : Hibernate is in classpath; If applicable, HQL parser will be used.
2026-02-16T11:18:47.111+01:00  WARN 24180 --- [    Test worker] JpaBaseConfiguration$JpaWebConfiguration : spring.jpa.open-in-view is enabled by default. Therefore, database queries may be performed during view rendering. Explicitly configure spring.jpa.open-in-view to disable this warning
2026-02-16T11:18:47.574+01:00  INFO 24180 --- [    Test worker] o.s.s.web.DefaultSecurityFilterChain     : Will secure any request with [org.springframework.security.web.session.DisableEncodeUrlFilter@42eb459d, org.springframework.security.web.context.request.async.WebAsyncManagerIntegrationFilter@608ccfcd, org.springframework.security.web.context.SecurityContextHolderFilter@ddca64d, org.springframework.security.web.header.HeaderWriterFilter@1e6a74fe, org.springframework.web.filter.CorsFilter@793c2cde, org.springframework.security.web.authentication.logout.LogoutFilter@12e33c7b, org.springframework.security.web.authentication.www.BasicAuthenticationFilter@5eff875a, org.springframework.security.web.savedrequest.RequestCacheAwareFilter@6bc6400e, org.springframework.security.web.servletapi.SecurityContextHolderAwareRequestFilter@2f0765f7, org.springframework.security.web.authentication.AnonymousAuthenticationFilter@66cb7a21, org.springframework.security.web.session.SessionManagementFilter@222e4377, org.springframework.security.web.access.ExceptionTranslationFilter@34ef9879, org.springframework.security.web.access.intercept.AuthorizationFilter@52031e42]
2026-02-16T11:18:47.858+01:00  INFO 24180 --- [    Test worker] o.s.b.a.h2.H2ConsoleAutoConfiguration    : H2 console available at '/h2-console'. Database available at 'jdbc:h2:mem:testdb'
2026-02-16T11:18:47.937+01:00  INFO 24180 --- [    Test worker] o.s.b.t.m.w.SpringBootMockServletContext : Initializing Spring TestDispatcherServlet ''
2026-02-16T11:18:47.937+01:00  INFO 24180 --- [    Test worker] o.s.t.web.servlet.TestDispatcherServlet  : Initializing Servlet ''
2026-02-16T11:18:47.937+01:00  INFO 24180 --- [    Test worker] o.s.t.web.servlet.TestDispatcherServlet  : Completed initialization in 0 ms
2026-02-16T11:18:47.974+01:00  INFO 24180 --- [    Test worker] com.example.testit.TaskControllerTest    : Started TaskControllerTest in 4.943 seconds (process running for 5.941)
2026-02-16T11:18:48.502+01:00 DEBUG 24180 --- [    Test worker] o.s.security.web.FilterChainProxy        : Securing POST /tasks
2026-02-16T11:18:48.518+01:00  WARN 24180 --- [    Test worker] o.s.w.s.h.HandlerMappingIntrospector     : Cache miss for REQUEST dispatch to '/tasks' (previous null). Performing CorsConfiguration lookup. This is logged once only at WARN level, and every time at TRACE.
2026-02-16T11:18:48.575+01:00  INFO 24180 --- [    Test worker] c.e.testit.adapter.mail.MailServiceFake  : Load user by username: 
2026-02-16T11:18:48.692+01:00 DEBUG 24180 --- [    Test worker] o.s.s.a.dao.DaoAuthenticationProvider    : Authenticated user
2026-02-16T11:18:48.692+01:00 DEBUG 24180 --- [    Test worker] o.s.s.w.a.www.BasicAuthenticationFilter  : Set SecurityContextHolder to UsernamePasswordAuthenticationToken [Principal=com.example.testit.security.MyUserPrincipal@1ee1c0cc, Credentials=[PROTECTED], Authenticated=true, Details=WebAuthenticationDetails [RemoteIpAddress=127.0.0.1, SessionId=null], Granted Authorities=[]]
2026-02-16T11:18:48.692+01:00 DEBUG 24180 --- [    Test worker] o.s.security.web.FilterChainProxy        : Secured POST /tasks
2026-02-16T11:18:48.918+01:00 DEBUG 24180 --- [    Test worker] o.s.security.web.FilterChainProxy        : Securing GET /tasks/user/2
2026-02-16T11:18:48.920+01:00  INFO 24180 --- [    Test worker] c.e.testit.adapter.mail.MailServiceFake  : Load user by username: 
2026-02-16T11:18:48.962+01:00 DEBUG 24180 --- [    Test worker] o.s.s.a.dao.DaoAuthenticationProvider    : Authenticated user
2026-02-16T11:18:48.962+01:00 DEBUG 24180 --- [    Test worker] o.s.s.w.a.www.BasicAuthenticationFilter  : Set SecurityContextHolder to UsernamePasswordAuthenticationToken [Principal=com.example.testit.security.MyUserPrincipal@684329d1, Credentials=[PROTECTED], Authenticated=true, Details=WebAuthenticationDetails [RemoteIpAddress=127.0.0.1, SessionId=null], Granted Authorities=[]]
2026-02-16T11:18:48.962+01:00 DEBUG 24180 --- [    Test worker] o.s.security.web.FilterChainProxy        : Secured GET /tasks/user/2
2026-02-16T11:18:49.039+01:00 DEBUG 24180 --- [    Test worker] o.s.security.web.FilterChainProxy        : Securing GET /tasks
2026-02-16T11:18:49.039+01:00  INFO 24180 --- [    Test worker] c.e.testit.adapter.mail.MailServiceFake  : Load user by username: 
2026-02-16T11:18:49.085+01:00 DEBUG 24180 --- [    Test worker] o.s.s.a.dao.DaoAuthenticationProvider    : Authenticated user
2026-02-16T11:18:49.085+01:00 DEBUG 24180 --- [    Test worker] o.s.s.w.a.www.BasicAuthenticationFilter  : Set SecurityContextHolder to UsernamePasswordAuthenticationToken [Principal=com.example.testit.security.MyUserPrincipal@12046998, Credentials=[PROTECTED], Authenticated=true, Details=WebAuthenticationDetails [RemoteIpAddress=127.0.0.1, SessionId=null], Granted Authorities=[]]
2026-02-16T11:18:49.085+01:00 DEBUG 24180 --- [    Test worker] o.s.security.web.FilterChainProxy        : Secured GET /tasks
]]></system-out>
  <system-err><![CDATA[]]></system-err>
</testsuite>
